TN:
SF:src/audio.js
FN:10,(anonymous_0)
FN:17,(anonymous_1)
FN:32,(anonymous_2)
FN:62,(anonymous_3)
FN:66,(anonymous_4)
FNF:5
FNH:5
FNDA:12,(anonymous_0)
FNDA:12,(anonymous_1)
FNDA:4,(anonymous_2)
FNDA:3,(anonymous_3)
FNDA:2,(anonymous_4)
DA:11,12
DA:12,12
DA:13,12
DA:14,12
DA:19,12
DA:23,12
DA:33,4
DA:35,2
DA:36,2
DA:37,2
DA:39,2
DA:40,2
DA:42,2
DA:46,2
DA:48,2
DA:49,2
DA:53,2
DA:58,2
DA:59,2
DA:63,3
DA:67,2
DA:68,2
DA:72,1
LF:23
LH:23
BRDA:19,0,0,12
BRDA:19,0,1,0
BRDA:33,1,0,2
BRDA:33,1,1,2
BRDA:33,2,0,4
BRDA:33,2,1,3
BRF:6
BRH:5
end_of_record
TN:
SF:src/pet.js
FN:4,(anonymous_0)
FN:13,(anonymous_1)
FN:18,(anonymous_2)
FN:23,(anonymous_3)
FN:43,(anonymous_4)
FN:71,(anonymous_5)
FN:75,(anonymous_6)
FN:81,(anonymous_7)
FN:101,(anonymous_8)
FN:107,(anonymous_9)
FN:109,(anonymous_10)
FN:117,(anonymous_11)
FN:128,(anonymous_12)
FN:136,(anonymous_13)
FN:144,(anonymous_14)
FN:150,(anonymous_15)
FN:163,(anonymous_16)
FN:172,(anonymous_17)
FN:179,(anonymous_18)
FN:184,(anonymous_19)
FN:192,(anonymous_20)
FN:195,(anonymous_21)
FN:196,(anonymous_22)
FN:206,(anonymous_23)
FN:217,(anonymous_24)
FN:226,(anonymous_25)
FN:233,(anonymous_26)
FN:235,(anonymous_27)
FN:246,(anonymous_28)
FN:253,(anonymous_29)
FN:255,(anonymous_30)
FN:264,(anonymous_31)
FN:271,(anonymous_32)
FN:276,(anonymous_33)
FN:284,(anonymous_34)
FN:308,(anonymous_35)
FN:323,(anonymous_36)
FN:334,(anonymous_37)
FN:340,(anonymous_38)
FN:357,(anonymous_39)
FN:372,(anonymous_40)
FN:378,(anonymous_41)
FN:382,(anonymous_42)
FN:408,(anonymous_43)
FN:423,(anonymous_44)
FN:443,(anonymous_45)
FN:448,(anonymous_46)
FN:453,(anonymous_47)
FN:478,(anonymous_48)
FN:486,(anonymous_49)
FN:494,(anonymous_50)
FN:500,(anonymous_51)
FN:507,(anonymous_52)
FN:511,(anonymous_53)
FN:516,(anonymous_54)
FN:517,(anonymous_55)
FN:523,(anonymous_56)
FN:528,(anonymous_57)
FN:547,(anonymous_58)
FN:573,(anonymous_59)
FN:582,(anonymous_60)
FN:593,(anonymous_61)
FN:598,(anonymous_62)
FN:605,(anonymous_63)
FN:625,(anonymous_64)
FN:642,(anonymous_65)
FN:695,(anonymous_66)
FN:699,(anonymous_67)
FN:703,(anonymous_68)
FN:707,(anonymous_69)
FN:711,(anonymous_70)
FN:716,(anonymous_71)
FN:722,(anonymous_72)
FN:727,(anonymous_73)
FN:733,(anonymous_74)
FN:735,(anonymous_75)
FN:738,(anonymous_76)
FN:745,(anonymous_77)
FN:749,(anonymous_78)
FN:753,(anonymous_79)
FN:757,(anonymous_80)
FN:761,(anonymous_81)
FN:763,(anonymous_82)
FN:766,(anonymous_83)
FN:773,(anonymous_84)
FN:775,(anonymous_85)
FN:777,(anonymous_86)
FN:782,(anonymous_87)
FN:786,(anonymous_88)
FN:790,(anonymous_89)
FN:794,(anonymous_90)
FN:798,(anonymous_91)
FN:800,(anonymous_92)
FN:803,(anonymous_93)
FN:809,(anonymous_94)
FN:813,(anonymous_95)
FN:818,(anonymous_96)
FN:820,(anonymous_97)
FN:823,(anonymous_98)
FN:829,(anonymous_99)
FN:837,(anonymous_100)
FN:840,(anonymous_101)
FN:846,(anonymous_102)
FN:874,(anonymous_103)
FN:896,(anonymous_104)
FN:901,(anonymous_105)
FN:903,(anonymous_106)
FN:909,(anonymous_107)
FN:916,(anonymous_108)
FN:927,(anonymous_109)
FN:932,(anonymous_110)
FN:946,(anonymous_111)
FN:948,(anonymous_112)
FN:988,(anonymous_113)
FN:990,(anonymous_114)
FN:997,(anonymous_115)
FN:1008,(anonymous_116)
FN:1032,(anonymous_117)
FN:1039,(anonymous_118)
FN:1060,(anonymous_119)
FN:1091,(anonymous_120)
FN:1121,(anonymous_121)
FN:1149,(anonymous_122)
FN:1150,(anonymous_123)
FN:1158,(anonymous_124)
FN:1176,(anonymous_125)
FN:1185,(anonymous_126)
FN:1193,(anonymous_127)
FN:1231,(anonymous_128)
FN:1237,(anonymous_129)
FN:1237,(anonymous_130)
FN:1241,(anonymous_131)
FN:1245,(anonymous_132)
FN:1262,(anonymous_133)
FN:1308,(anonymous_134)
FN:1316,(anonymous_135)
FNF:136
FNH:0
FNDA:0,(anonymous_0)
FNDA:0,(anonymous_1)
FNDA:0,(anonymous_2)
FNDA:0,(anonymous_3)
FNDA:0,(anonymous_4)
FNDA:0,(anonymous_5)
FNDA:0,(anonymous_6)
FNDA:0,(anonymous_7)
FNDA:0,(anonymous_8)
FNDA:0,(anonymous_9)
FNDA:0,(anonymous_10)
FNDA:0,(anonymous_11)
FNDA:0,(anonymous_12)
FNDA:0,(anonymous_13)
FNDA:0,(anonymous_14)
FNDA:0,(anonymous_15)
FNDA:0,(anonymous_16)
FNDA:0,(anonymous_17)
FNDA:0,(anonymous_18)
FNDA:0,(anonymous_19)
FNDA:0,(anonymous_20)
FNDA:0,(anonymous_21)
FNDA:0,(anonymous_22)
FNDA:0,(anonymous_23)
FNDA:0,(anonymous_24)
FNDA:0,(anonymous_25)
FNDA:0,(anonymous_26)
FNDA:0,(anonymous_27)
FNDA:0,(anonymous_28)
FNDA:0,(anonymous_29)
FNDA:0,(anonymous_30)
FNDA:0,(anonymous_31)
FNDA:0,(anonymous_32)
FNDA:0,(anonymous_33)
FNDA:0,(anonymous_34)
FNDA:0,(anonymous_35)
FNDA:0,(anonymous_36)
FNDA:0,(anonymous_37)
FNDA:0,(anonymous_38)
FNDA:0,(anonymous_39)
FNDA:0,(anonymous_40)
FNDA:0,(anonymous_41)
FNDA:0,(anonymous_42)
FNDA:0,(anonymous_43)
FNDA:0,(anonymous_44)
FNDA:0,(anonymous_45)
FNDA:0,(anonymous_46)
FNDA:0,(anonymous_47)
FNDA:0,(anonymous_48)
FNDA:0,(anonymous_49)
FNDA:0,(anonymous_50)
FNDA:0,(anonymous_51)
FNDA:0,(anonymous_52)
FNDA:0,(anonymous_53)
FNDA:0,(anonymous_54)
FNDA:0,(anonymous_55)
FNDA:0,(anonymous_56)
FNDA:0,(anonymous_57)
FNDA:0,(anonymous_58)
FNDA:0,(anonymous_59)
FNDA:0,(anonymous_60)
FNDA:0,(anonymous_61)
FNDA:0,(anonymous_62)
FNDA:0,(anonymous_63)
FNDA:0,(anonymous_64)
FNDA:0,(anonymous_65)
FNDA:0,(anonymous_66)
FNDA:0,(anonymous_67)
FNDA:0,(anonymous_68)
FNDA:0,(anonymous_69)
FNDA:0,(anonymous_70)
FNDA:0,(anonymous_71)
FNDA:0,(anonymous_72)
FNDA:0,(anonymous_73)
FNDA:0,(anonymous_74)
FNDA:0,(anonymous_75)
FNDA:0,(anonymous_76)
FNDA:0,(anonymous_77)
FNDA:0,(anonymous_78)
FNDA:0,(anonymous_79)
FNDA:0,(anonymous_80)
FNDA:0,(anonymous_81)
FNDA:0,(anonymous_82)
FNDA:0,(anonymous_83)
FNDA:0,(anonymous_84)
FNDA:0,(anonymous_85)
FNDA:0,(anonymous_86)
FNDA:0,(anonymous_87)
FNDA:0,(anonymous_88)
FNDA:0,(anonymous_89)
FNDA:0,(anonymous_90)
FNDA:0,(anonymous_91)
FNDA:0,(anonymous_92)
FNDA:0,(anonymous_93)
FNDA:0,(anonymous_94)
FNDA:0,(anonymous_95)
FNDA:0,(anonymous_96)
FNDA:0,(anonymous_97)
FNDA:0,(anonymous_98)
FNDA:0,(anonymous_99)
FNDA:0,(anonymous_100)
FNDA:0,(anonymous_101)
FNDA:0,(anonymous_102)
FNDA:0,(anonymous_103)
FNDA:0,(anonymous_104)
FNDA:0,(anonymous_105)
FNDA:0,(anonymous_106)
FNDA:0,(anonymous_107)
FNDA:0,(anonymous_108)
FNDA:0,(anonymous_109)
FNDA:0,(anonymous_110)
FNDA:0,(anonymous_111)
FNDA:0,(anonymous_112)
FNDA:0,(anonymous_113)
FNDA:0,(anonymous_114)
FNDA:0,(anonymous_115)
FNDA:0,(anonymous_116)
FNDA:0,(anonymous_117)
FNDA:0,(anonymous_118)
FNDA:0,(anonymous_119)
FNDA:0,(anonymous_120)
FNDA:0,(anonymous_121)
FNDA:0,(anonymous_122)
FNDA:0,(anonymous_123)
FNDA:0,(anonymous_124)
FNDA:0,(anonymous_125)
FNDA:0,(anonymous_126)
FNDA:0,(anonymous_127)
FNDA:0,(anonymous_128)
FNDA:0,(anonymous_129)
FNDA:0,(anonymous_130)
FNDA:0,(anonymous_131)
FNDA:0,(anonymous_132)
FNDA:0,(anonymous_133)
FNDA:0,(anonymous_134)
FNDA:0,(anonymous_135)
DA:1,0
DA:5,0
DA:6,0
DA:7,0
DA:8,0
DA:10,0
DA:15,0
DA:18,0
DA:19,0
DA:24,0
DA:26,0
DA:28,0
DA:29,0
DA:30,0
DA:33,0
DA:34,0
DA:35,0
DA:39,0
DA:45,0
DA:54,0
DA:57,0
DA:59,0
DA:65,0
DA:68,0
DA:72,0
DA:76,0
DA:82,0
DA:83,0
DA:84,0
DA:85,0
DA:86,0
DA:87,0
DA:88,0
DA:89,0
DA:90,0
DA:91,0
DA:92,0
DA:93,0
DA:94,0
DA:95,0
DA:98,0
DA:100,0
DA:101,0
DA:102,0
DA:104,0
DA:109,0
DA:110,0
DA:111,0
DA:112,0
DA:117,0
DA:118,0
DA:119,0
DA:121,0
DA:122,0
DA:123,0
DA:125,0
DA:128,0
DA:129,0
DA:130,0
DA:131,0
DA:132,0
DA:136,0
DA:137,0
DA:138,0
DA:139,0
DA:144,0
DA:145,0
DA:146,0
DA:150,0
DA:151,0
DA:152,0
DA:154,0
DA:158,0
DA:163,0
DA:164,0
DA:165,0
DA:166,0
DA:167,0
DA:173,0
DA:174,0
DA:177,0
DA:179,0
DA:180,0
DA:185,0
DA:186,0
DA:188,0
DA:191,0
DA:192,0
DA:193,0
DA:195,0
DA:196,0
DA:198,0
DA:202,0
DA:203,0
DA:204,0
DA:206,0
DA:207,0
DA:210,0
DA:214,0
DA:215,0
DA:216,0
DA:217,0
DA:218,0
DA:221,0
DA:225,0
DA:226,0
DA:227,0
DA:229,0
DA:230,0
DA:231,0
DA:233,0
DA:234,0
DA:236,0
DA:239,0
DA:241,0
DA:245,0
DA:246,0
DA:247,0
DA:249,0
DA:250,0
DA:251,0
DA:253,0
DA:254,0
DA:256,0
DA:258,0
DA:260,0
DA:265,0
DA:266,0
DA:269,0
DA:271,0
DA:272,0
DA:277,0
DA:278,0
DA:280,0
DA:283,0
DA:284,0
DA:285,0
DA:287,0
DA:291,0
DA:292,0
DA:293,0
DA:295,0
DA:299,0
DA:300,0
DA:301,0
DA:303,0
DA:307,0
DA:308,0
DA:309,0
DA:311,0
DA:315,0
DA:316,0
DA:317,0
DA:319,0
DA:324,0
DA:326,0
DA:327,0
DA:328,0
DA:330,0
DA:335,0
DA:336,0
DA:339,0
DA:340,0
DA:341,0
DA:345,0
DA:348,0
DA:349,0
DA:350,0
DA:352,0
DA:356,0
DA:357,0
DA:358,0
DA:360,0
DA:364,0
DA:365,0
DA:366,0
DA:368,0
DA:373,0
DA:374,0
DA:375,0
DA:379,0
DA:383,0
DA:385,0
DA:386,0
DA:388,0
DA:389,0
DA:391,0
DA:392,0
DA:394,0
DA:395,0
DA:397,0
DA:398,0
DA:400,0
DA:401,0
DA:403,0
DA:404,0
DA:409,0
DA:410,0
DA:412,0
DA:414,0
DA:415,0
DA:417,0
DA:419,0
DA:424,0
DA:425,0
DA:427,0
DA:429,0
DA:430,0
DA:433,0
DA:434,0
DA:435,0
DA:437,0
DA:438,0
DA:439,0
DA:443,0
DA:444,0
DA:449,0
DA:450,0
DA:454,0
DA:456,0
DA:466,0
DA:467,0
DA:468,0
DA:470,0
DA:471,0
DA:473,0
DA:474,0
DA:475,0
DA:479,0
DA:480,0
DA:481,0
DA:482,0
DA:483,0
DA:487,0
DA:488,0
DA:489,0
DA:490,0
DA:491,0
DA:495,0
DA:496,0
DA:497,0
DA:498,0
DA:500,0
DA:501,0
DA:502,0
DA:503,0
DA:508,0
DA:513,0
DA:517,0
DA:518,0
DA:519,0
DA:523,0
DA:524,0
DA:529,0
DA:530,0
DA:533,0
DA:534,0
DA:535,0
DA:536,0
DA:537,0
DA:538,0
DA:540,0
DA:544,0
DA:548,0
DA:551,0
DA:552,0
DA:553,0
DA:554,0
DA:557,0
DA:558,0
DA:559,0
DA:560,0
DA:563,0
DA:564,0
DA:570,0
DA:574,0
DA:575,0
DA:576,0
DA:578,0
DA:583,0
DA:584,0
DA:585,0
DA:588,0
DA:589,0
DA:590,0
DA:593,0
DA:594,0
DA:599,0
DA:601,0
DA:602,0
DA:606,0
DA:607,0
DA:610,0
DA:612,0
DA:615,0
DA:616,0
DA:617,0
DA:618,0
DA:619,0
DA:621,0
DA:626,0
DA:628,0
DA:630,0
DA:632,0
DA:634,0
DA:636,0
DA:638,0
DA:643,0
DA:644,0
DA:646,0
DA:648,0
DA:649,0
DA:651,0
DA:652,0
DA:654,0
DA:655,0
DA:657,0
DA:658,0
DA:660,0
DA:661,0
DA:663,0
DA:664,0
DA:666,0
DA:667,0
DA:669,0
DA:670,0
DA:672,0
DA:673,0
DA:675,0
DA:676,0
DA:678,0
DA:679,0
DA:681,0
DA:682,0
DA:684,0
DA:685,0
DA:687,0
DA:688,0
DA:690,0
DA:691,0
DA:696,0
DA:697,0
DA:698,0
DA:699,0
DA:704,0
DA:705,0
DA:706,0
DA:707,0
DA:712,0
DA:713,0
DA:714,0
DA:715,0
DA:716,0
DA:723,0
DA:724,0
DA:725,0
DA:726,0
DA:727,0
DA:734,0
DA:735,0
DA:736,0
DA:737,0
DA:739,0
DA:746,0
DA:747,0
DA:748,0
DA:749,0
DA:754,0
DA:755,0
DA:756,0
DA:757,0
DA:762,0
DA:763,0
DA:764,0
DA:765,0
DA:767,0
DA:774,0
DA:775,0
DA:776,0
DA:777,0
DA:779,0
DA:783,0
DA:784,0
DA:785,0
DA:786,0
DA:791,0
DA:792,0
DA:793,0
DA:794,0
DA:799,0
DA:800,0
DA:801,0
DA:802,0
DA:803,0
DA:810,0
DA:811,0
DA:812,0
DA:813,0
DA:815,0
DA:819,0
DA:820,0
DA:821,0
DA:822,0
DA:823,0
DA:831,0
DA:834,0
DA:836,0
DA:837,0
DA:838,0
DA:839,0
DA:840,0
DA:847,0
DA:849,0
DA:851,0
DA:852,0
DA:853,0
DA:856,0
DA:857,0
DA:865,0
DA:866,0
DA:867,0
DA:868,0
DA:870,0
DA:876,0
DA:877,0
DA:878,0
DA:893,0
DA:896,0
DA:897,0
DA:901,0
DA:902,0
DA:903,0
DA:904,0
DA:910,0
DA:911,0
DA:912,0
DA:913,0
DA:916,0
DA:917,0
DA:918,0
DA:919,0
DA:920,0
DA:921,0
DA:922,0
DA:927,0
DA:928,0
DA:933,0
DA:934,0
DA:935,0
DA:936,0
DA:937,0
DA:939,0
DA:942,0
DA:948,0
DA:949,0
DA:951,0
DA:953,0
DA:988,0
DA:989,0
DA:990,0
DA:991,0
DA:999,0
DA:1002,0
DA:1005,0
DA:1009,0
DA:1012,0
DA:1014,0
DA:1015,0
DA:1016,0
DA:1018,0
DA:1019,0
DA:1020,0
DA:1022,0
DA:1023,0
DA:1024,0
DA:1026,0
DA:1027,0
DA:1028,0
DA:1033,0
DA:1034,0
DA:1035,0
DA:1036,0
DA:1041,0
DA:1043,0
DA:1045,0
DA:1047,0
DA:1049,0
DA:1050,0
DA:1052,0
DA:1053,0
DA:1055,0
DA:1056,0
DA:1061,0
DA:1062,0
DA:1063,0
DA:1064,0
DA:1073,0
DA:1074,0
DA:1078,0
DA:1079,0
DA:1087,0
DA:1088,0
DA:1092,0
DA:1093,0
DA:1094,0
DA:1095,0
DA:1096,0
DA:1104,0
DA:1105,0
DA:1108,0
DA:1109,0
DA:1117,0
DA:1118,0
DA:1122,0
DA:1123,0
DA:1124,0
DA:1135,0
DA:1136,0
DA:1138,0
DA:1139,0
DA:1145,0
DA:1146,0
DA:1150,0
DA:1151,0
DA:1152,0
DA:1155,0
DA:1159,0
DA:1161,0
DA:1162,0
DA:1163,0
DA:1166,0
DA:1169,0
DA:1170,0
DA:1171,0
DA:1174,0
DA:1175,0
DA:1176,0
DA:1177,0
DA:1180,0
DA:1181,0
DA:1186,0
DA:1188,0
DA:1194,0
DA:1196,0
DA:1204,0
DA:1205,0
DA:1206,0
DA:1208,0
DA:1209,0
DA:1211,0
DA:1215,0
DA:1217,0
DA:1218,0
DA:1222,0
DA:1227,0
DA:1228,0
DA:1232,0
DA:1236,0
DA:1237,0
DA:1242,0
DA:1245,0
DA:1246,0
DA:1250,0
DA:1251,0
DA:1252,0
DA:1256,0
DA:1259,0
DA:1264,0
DA:1266,0
DA:1272,0
DA:1274,0
DA:1280,0
DA:1282,0
DA:1288,0
DA:1290,0
DA:1296,0
DA:1298,0
DA:1304,0
DA:1309,0
DA:1310,0
DA:1316,0
DA:1317,0
LF:582
LH:0
BRDA:28,0,0,0
BRDA:28,0,1,0
BRDA:33,1,0,0
BRDA:33,1,1,0
BRDA:57,2,0,0
BRDA:57,2,1,0
BRDA:57,3,0,0
BRDA:57,3,1,0
BRDA:60,4,0,0
BRDA:60,4,1,0
BRDA:110,5,0,0
BRDA:110,5,1,0
BRDA:129,6,0,0
BRDA:129,6,1,0
BRDA:137,7,0,0
BRDA:137,7,1,0
BRDA:151,8,0,0
BRDA:151,8,1,0
BRDA:154,9,0,0
BRDA:154,9,1,0
BRDA:155,10,0,0
BRDA:155,10,1,0
BRDA:165,11,0,0
BRDA:165,11,1,0
BRDA:173,12,0,0
BRDA:173,12,1,0
BRDA:186,13,0,0
BRDA:186,13,1,0
BRDA:188,14,0,0
BRDA:188,14,1,0
BRDA:188,14,2,0
BRDA:188,14,3,0
BRDA:188,14,4,0
BRDA:203,15,0,0
BRDA:203,15,1,0
BRDA:215,16,0,0
BRDA:215,16,1,0
BRDA:230,17,0,0
BRDA:230,17,1,0
BRDA:239,18,0,0
BRDA:239,18,1,0
BRDA:250,19,0,0
BRDA:250,19,1,0
BRDA:258,20,0,0
BRDA:258,20,1,0
BRDA:265,21,0,0
BRDA:265,21,1,0
BRDA:278,22,0,0
BRDA:278,22,1,0
BRDA:280,23,0,0
BRDA:280,23,1,0
BRDA:280,23,2,0
BRDA:280,23,3,0
BRDA:280,23,4,0
BRDA:292,24,0,0
BRDA:292,24,1,0
BRDA:300,25,0,0
BRDA:300,25,1,0
BRDA:316,26,0,0
BRDA:316,26,1,0
BRDA:324,27,0,0
BRDA:324,27,1,0
BRDA:326,28,0,0
BRDA:326,28,1,0
BRDA:336,29,0,0
BRDA:336,29,1,0
BRDA:345,30,0,0
BRDA:345,30,1,0
BRDA:345,30,2,0
BRDA:349,31,0,0
BRDA:349,31,1,0
BRDA:365,32,0,0
BRDA:365,32,1,0
BRDA:383,33,0,0
BRDA:383,33,1,0
BRDA:383,33,2,0
BRDA:383,33,3,0
BRDA:383,33,4,0
BRDA:383,33,5,0
BRDA:383,33,6,0
BRDA:410,34,0,0
BRDA:410,34,1,0
BRDA:412,35,0,0
BRDA:412,35,1,0
BRDA:414,36,0,0
BRDA:414,36,1,0
BRDA:425,37,0,0
BRDA:425,37,1,0
BRDA:429,38,0,0
BRDA:429,38,1,0
BRDA:437,39,0,0
BRDA:437,39,1,0
BRDA:438,40,0,0
BRDA:438,40,1,0
BRDA:439,41,0,0
BRDA:439,41,1,0
BRDA:454,42,0,0
BRDA:454,42,1,0
BRDA:470,43,0,0
BRDA:470,43,1,0
BRDA:472,44,0,0
BRDA:472,44,1,0
BRDA:473,45,0,0
BRDA:473,45,1,0
BRDA:475,46,0,0
BRDA:475,46,1,0
BRDA:533,47,0,0
BRDA:533,47,1,0
BRDA:535,48,0,0
BRDA:535,48,1,0
BRDA:537,49,0,0
BRDA:537,49,1,0
BRDA:537,50,0,0
BRDA:537,50,1,0
BRDA:548,51,0,0
BRDA:548,51,1,0
BRDA:553,52,0,0
BRDA:553,52,1,0
BRDA:554,53,0,0
BRDA:554,53,1,0
BRDA:559,54,0,0
BRDA:559,54,1,0
BRDA:560,55,0,0
BRDA:560,55,1,0
BRDA:570,56,0,0
BRDA:570,56,1,0
BRDA:570,57,0,0
BRDA:570,57,1,0
BRDA:575,58,0,0
BRDA:575,58,1,0
BRDA:583,59,0,0
BRDA:583,59,1,0
BRDA:599,60,0,0
BRDA:599,60,1,0
BRDA:606,61,0,0
BRDA:606,61,1,0
BRDA:607,62,0,0
BRDA:607,62,1,0
BRDA:615,63,0,0
BRDA:615,63,1,0
BRDA:615,64,0,0
BRDA:615,64,1,0
BRDA:618,65,0,0
BRDA:618,65,1,0
BRDA:618,66,0,0
BRDA:618,66,1,0
BRDA:626,67,0,0
BRDA:626,67,1,0
BRDA:626,67,2,0
BRDA:626,67,3,0
BRDA:626,67,4,0
BRDA:626,67,5,0
BRDA:644,68,0,0
BRDA:644,68,1,0
BRDA:646,69,0,0
BRDA:646,69,1,0
BRDA:646,69,2,0
BRDA:646,69,3,0
BRDA:646,69,4,0
BRDA:646,69,5,0
BRDA:646,69,6,0
BRDA:646,69,7,0
BRDA:646,69,8,0
BRDA:646,69,9,0
BRDA:646,69,10,0
BRDA:646,69,11,0
BRDA:646,69,12,0
BRDA:646,69,13,0
BRDA:646,69,14,0
BRDA:697,70,0,0
BRDA:697,70,1,0
BRDA:705,71,0,0
BRDA:705,71,1,0
BRDA:713,72,0,0
BRDA:713,72,1,0
BRDA:724,73,0,0
BRDA:724,73,1,0
BRDA:747,74,0,0
BRDA:747,74,1,0
BRDA:755,75,0,0
BRDA:755,75,1,0
BRDA:784,76,0,0
BRDA:784,76,1,0
BRDA:792,77,0,0
BRDA:792,77,1,0
BRDA:811,78,0,0
BRDA:811,78,1,0
BRDA:832,79,0,0
BRDA:832,79,1,0
BRDA:834,80,0,0
BRDA:834,80,1,0
BRDA:849,81,0,0
BRDA:849,81,1,0
BRDA:851,82,0,0
BRDA:851,82,1,0
BRDA:856,83,0,0
BRDA:856,83,1,0
BRDA:920,84,0,0
BRDA:920,84,1,0
BRDA:933,85,0,0
BRDA:933,85,1,0
BRDA:951,86,0,0
BRDA:951,86,1,0
BRDA:989,87,0,0
BRDA:989,87,1,0
BRDA:1009,88,0,0
BRDA:1009,88,1,0
BRDA:1012,89,0,0
BRDA:1012,89,1,0
BRDA:1012,89,2,0
BRDA:1012,89,3,0
BRDA:1043,90,0,0
BRDA:1043,90,1,0
BRDA:1047,91,0,0
BRDA:1047,91,1,0
BRDA:1047,91,2,0
BRDA:1151,92,0,0
BRDA:1151,92,1,0
BRDA:1159,93,0,0
BRDA:1159,93,1,0
BRDA:1161,94,0,0
BRDA:1161,94,1,0
BRDA:1163,95,0,0
BRDA:1163,95,1,0
BRDA:1166,96,0,0
BRDA:1166,96,1,0
BRDA:1166,96,2,0
BRDA:1191,97,0,0
BRDA:1191,97,1,0
BRDA:1194,98,0,0
BRDA:1194,98,1,0
BRDA:1204,99,0,0
BRDA:1204,99,1,0
BRDA:1242,100,0,0
BRDA:1242,100,1,0
BRDA:1251,101,0,0
BRDA:1251,101,1,0
BRDA:1264,102,0,0
BRDA:1264,102,1,0
BRDA:1264,102,2,0
BRDA:1264,102,3,0
BRDA:1264,102,4,0
BRDA:1309,103,0,0
BRDA:1309,103,1,0
BRF:244
BRH:0
end_of_record
TN:
SF:src/reminder.js
FN:4,(anonymous_0)
FN:8,(anonymous_1)
FN:10,(anonymous_2)
FN:15,(anonymous_3)
FN:19,(anonymous_4)
FN:23,(anonymous_5)
FN:28,(anonymous_6)
FN:33,(anonymous_7)
FN:60,(anonymous_8)
FN:65,(anonymous_9)
FN:70,(anonymous_10)
FN:76,(anonymous_11)
FNF:12
FNH:0
FNDA:0,(anonymous_0)
FNDA:0,(anonymous_1)
FNDA:0,(anonymous_2)
FNDA:0,(anonymous_3)
FNDA:0,(anonymous_4)
FNDA:0,(anonymous_5)
FNDA:0,(anonymous_6)
FNDA:0,(anonymous_7)
FNDA:0,(anonymous_8)
FNDA:0,(anonymous_9)
FNDA:0,(anonymous_10)
FNDA:0,(anonymous_11)
DA:1,0
DA:5,0
DA:10,0
DA:11,0
DA:15,0
DA:16,0
DA:19,0
DA:20,0
DA:23,0
DA:24,0
DA:28,0
DA:29,0
DA:34,0
DA:36,0
DA:37,0
DA:38,0
DA:41,0
DA:42,0
DA:44,0
DA:45,0
DA:47,0
DA:48,0
DA:50,0
DA:51,0
DA:53,0
DA:54,0
DA:56,0
DA:61,0
DA:62,0
DA:66,0
DA:67,0
DA:71,0
DA:76,0
DA:77,0
LF:34
LH:0
BRDA:42,0,0,0
BRDA:42,0,1,0
BRDA:42,0,2,0
BRDA:42,0,3,0
BRDA:42,0,4,0
BRF:5
BRH:0
end_of_record
TN:
SF:src/settings.js
FN:4,(anonymous_0)
FN:9,(anonymous_1)
FN:16,(anonymous_2)
FN:40,(anonymous_3)
FN:44,(anonymous_4)
FN:51,(anonymous_5)
FN:56,(anonymous_6)
FN:57,(anonymous_7)
FN:58,(anonymous_8)
FN:64,(anonymous_9)
FN:69,(anonymous_10)
FN:74,(anonymous_11)
FN:98,(anonymous_12)
FNF:13
FNH:0
FNDA:0,(anonymous_0)
FNDA:0,(anonymous_1)
FNDA:0,(anonymous_2)
FNDA:0,(anonymous_3)
FNDA:0,(anonymous_4)
FNDA:0,(anonymous_5)
FNDA:0,(anonymous_6)
FNDA:0,(anonymous_7)
FNDA:0,(anonymous_8)
FNDA:0,(anonymous_9)
FNDA:0,(anonymous_10)
FNDA:0,(anonymous_11)
FNDA:0,(anonymous_12)
DA:1,0
DA:5,0
DA:6,0
DA:11,0
DA:12,0
DA:13,0
DA:18,0
DA:19,0
DA:20,0
DA:21,0
DA:22,0
DA:23,0
DA:24,0
DA:25,0
DA:26,0
DA:29,0
DA:30,0
DA:31,0
DA:32,0
DA:33,0
DA:36,0
DA:37,0
DA:42,0
DA:43,0
DA:44,0
DA:45,0
DA:49,0
DA:50,0
DA:51,0
DA:52,0
DA:56,0
DA:57,0
DA:58,0
DA:59,0
DA:64,0
DA:65,0
DA:69,0
DA:70,0
DA:75,0
DA:92,0
DA:93,0
DA:98,0
DA:99,0
LF:43
LH:0
BRDA:18,0,0,0
BRDA:18,0,1,0
BRDA:19,1,0,0
BRDA:19,1,1,0
BRDA:20,2,0,0
BRDA:20,2,1,0
BRDA:21,3,0,0
BRDA:21,3,1,0
BRDA:22,4,0,0
BRDA:22,4,1,0
BRDA:23,5,0,0
BRDA:23,5,1,0
BRDA:26,6,0,0
BRDA:26,6,1,0
BRDA:29,7,0,0
BRDA:29,7,1,0
BRDA:33,8,0,0
BRDA:33,8,1,0
BRDA:36,9,0,0
BRDA:36,9,1,0
BRDA:83,10,0,0
BRDA:83,10,1,0
BRF:22
BRH:0
end_of_record
